Start testing: Feb 02 23:18 CET
----------------------------------------------------------
1/3 Testing: MatrixSolverTests
1/3 Test: MatrixSolverTests
Command: "/Users/ricky/Desktop/Uni/WiSe_25-26/SSE/testing-boost-exercise/build/testsidemade" "--run_test=MatrixSolverTests/*"
Directory: /Users/ricky/Desktop/Uni/WiSe_25-26/SSE/testing-boost-exercise/build
"MatrixSolverTests" start time: Feb 02 23:18 CET
Output:
----------------------------------------------------------
Running 3 test cases...

[1;32;49m*** No errors detected
[0;39;49m
<end of output>
Test time =   0.73 sec
----------------------------------------------------------
Test Passed.
"MatrixSolverTests" end time: Feb 02 23:18 CET
"MatrixSolverTests" time elapsed: 00:00:00
----------------------------------------------------------

2/3 Testing: ConfigurationTests
2/3 Test: ConfigurationTests
Command: "/Users/ricky/Desktop/Uni/WiSe_25-26/SSE/testing-boost-exercise/build/testsidemade" "--run_test=ConfigurationTests/*"
Directory: /Users/ricky/Desktop/Uni/WiSe_25-26/SSE/testing-boost-exercise/tests
"ConfigurationTests" start time: Feb 02 23:18 CET
Output:
----------------------------------------------------------
Running 1 test case...
Used decomposition type: QR
Used matrix file: ../data/m3.csv
Matrix size: 3


[1;32;49m*** No errors detected
[0;39;49m
<end of output>
Test time =   0.09 sec
----------------------------------------------------------
Test Passed.
"ConfigurationTests" end time: Feb 02 23:18 CET
"ConfigurationTests" time elapsed: 00:00:00
----------------------------------------------------------

3/3 Testing: matrixIO_tests
3/3 Test: matrixIO_tests
Command: "/Users/ricky/Desktop/Uni/WiSe_25-26/SSE/testing-boost-exercise/build/testsidemade" "--run_test=matrixIO_tests/*"
Directory: /Users/ricky/Desktop/Uni/WiSe_25-26/SSE/testing-boost-exercise/build
"matrixIO_tests" start time: Feb 02 23:18 CET
Output:
----------------------------------------------------------
Running 1 test case...

[1;32;49m*** No errors detected
[0;39;49m
<end of output>
Test time =   0.09 sec
----------------------------------------------------------
Test Passed.
"matrixIO_tests" end time: Feb 02 23:18 CET
"matrixIO_tests" time elapsed: 00:00:00
----------------------------------------------------------

End testing: Feb 02 23:18 CET
